<?xml version="1.0" encoding="UTF-8"?>
<!-- Generated by org.testng.reporters.JUnitReportReporter -->
<testsuite hostname="DESKTOP-6JUGJ4I" failures="0" tests="1" name="seleniumJarDownload.Scenario1" time="56.167" errors="0" timestamp="2023-05-31T13:39:19 IST" skipped="0">
  <testcase classname="seleniumJarDownload.Scenario1" name="test1" time="56.167"/>
  <system-out/>
</testsuite> <!-- seleniumJarDownload.Scenario1 -->
